<?xml version="1.0" encoding="UTF-8"?>
<!-- Generated by org.testng.reporters.JUnitXMLReporter -->
<testsuite ignored="2" hostname="LAPTOP-A62KO58V" failures="1" tests="3" name="Test" time="82.953" errors="0" timestamp="2023-05-08T12:01:51 IST">
  <testcase classname="vTiger.OrganizationsTests.CreateNewOrganizationTest" name="createNewOrgTest" time="9.224">
    <failure type="java.lang.AssertionError" message="null">
      <![CDATA[java.lang.AssertionError: null
at vTiger.OrganizationsTests.CreateNewOrganizationTest.createNewOrgTest(CreateNewOrganizationTest.java:35)
at java.base/java.util.ArrayList.forEach(ArrayList.java:1511)
... Removed 27 stack frames]]>
    </failure>
  </testcase> <!-- createNewOrgTest -->
  <testcase classname="vTiger.OrganizationsTests.CreateNewOrganizationTest" name="demo" time="0.003"/>
  <testcase classname="vTiger.TestNG.CreateContactWithOrganizationUsingTestNGTest" name="createContactWithOrgTest" time="35.728"/>
  <testcase classname="vTiger.GenericUtilities.BaseClass" name="@AfterSuite asConfig" time="0.0">
    <ignored/>
  </testcase> <!-- @AfterSuite asConfig -->
  <testcase classname="vTiger.GenericUtilities.BaseClass" name="@BeforeSuite bsConfig" time="0.0">
    <ignored/>
  </testcase> <!-- @BeforeSuite bsConfig -->
</testsuite> <!-- Test -->
